Using pre-set license
Built from '2020.2/staging' branch; Version is '2020.2.7f1 (c53830e277f1) revision 12924976'; Using compiler version '192528614'; Build Type 'Release'
OS: 'Windows 10 Home; OS build 19041.867; Version 2004; 64bit' Language: 'en' Physical Memory: 6021 MB
BatchMode: 1, IsHumanControllingUs: 0, StartBugReporterOnCrash: 0, Is64bit: 1, IsPro: 0

 COMMAND LINE ARGUMENTS:
C:\Program Files\Unity\Hub\Editor\2020.2.7f1\Editor\Unity.exe
-adb2
-batchMode
-noUpm
-name
AssetImportWorker2
-projectPath
D:/Centennial_College/Semester 04/Web Game Programming/Group Project/Freedom
-logFile
Logs/AssetImportWorker2.log
-srvPort
61261
Successfully changed project path to: D:/Centennial_College/Semester 04/Web Game Programming/Group Project/Freedom
D:/Centennial_College/Semester 04/Web Game Programming/Group Project/Freedom
Using Asset Import Pipeline V2.
Refreshing native plugins compatible for Editor in 69.81 ms, found 0 plugins.
Preloading 0 native plugins for Editor in 0.00 ms.
Initialize engine version: 2020.2.7f1 (c53830e277f1)
[Subsystems] Discovering subsystems at path C:/Program Files/Unity/Hub/Editor/2020.2.7f1/Editor/Data/Resources/UnitySubsystems
[Subsystems] Discovering subsystems at path D:/Centennial_College/Semester 04/Web Game Programming/Group Project/Freedom/Assets
GfxDevice: creating device client; threaded=0
Direct3D:
    Version:  Direct3D 11.0 [level 11.1]
    Renderer: NVIDIA GeForce GTX 1050 (ID=0x1c91)
    Vendor:   
    VRAM:     2996 MB
    Driver:   27.21.14.5763
Initialize mono
Mono path[0] = 'C:/Program Files/Unity/Hub/Editor/2020.2.7f1/Editor/Data/Managed'
Mono path[1] = 'C:/Program Files/Unity/Hub/Editor/2020.2.7f1/Editor/Data/MonoBleedingEdge/lib/mono/unityjit'
Mono config path = 'C:/Program Files/Unity/Hub/Editor/2020.2.7f1/Editor/Data/MonoBleedingEdge/etc'
Using monoOptions --debugger-agent=transport=dt_socket,embedding=1,server=y,suspend=n,address=127.0.0.1:56860
Begin MonoManager ReloadAssembly
Registering precompiled unity dll's ...
Register platform support module: C:/Program Files/Unity/Hub/Editor/2020.2.7f1/Editor/Data/PlaybackEngines/WebGLSupport/UnityEditor.WebGL.Extensions.dll
Register platform support module: C:/Program Files/Unity/Hub/Editor/2020.2.7f1/Editor/Data/PlaybackEngines/WindowsStandaloneSupport/UnityEditor.WindowsStandalone.Extensions.dll
Registered in 0.005684 seconds.
Native extension for WindowsStandalone target not found
Native extension for WebGL target not found
Refreshing native plugins compatible for Editor in 62.57 ms, found 0 plugins.
Preloading 0 native plugins for Editor in 0.00 ms.
Invoked RoslynAnalysisRunner static constructor.
RoslynAnalysisRunner will not be running.
RoslynAnalysisRunner has terminated.
Mono: successfully reloaded assembly
- Completed reload, in  5.228 seconds
Platform modules already initialized, skipping
Registering precompiled user dll's ...
Registered in 0.001025 seconds.
Begin MonoManager ReloadAssembly
Native extension for WindowsStandalone target not found
Native extension for WebGL target not found
Refreshing native plugins compatible for Editor in 0.35 ms, found 0 plugins.
Preloading 0 native plugins for Editor in 0.00 ms.
Invoked RoslynAnalysisRunner static constructor.
RoslynAnalysisRunner will not be running.
RoslynAnalysisRunner has terminated.
Mono: successfully reloaded assembly
- Completed reload, in  2.920 seconds
Platform modules already initialized, skipping
========================================================================
Worker process is ready to serve import requests
Launched and connected shader compiler UnityShaderCompiler.exe after 0.41 seconds
Refreshing native plugins compatible for Editor in 0.39 ms, found 0 plugins.
Preloading 0 native plugins for Editor in 0.00 ms.
Unloading 1298 Unused Serialized files (Serialized files now loaded: 0)
System memory in use before: 65.4 MB.
System memory in use after: 65.4 MB.

Unloading 10 unused Assets to reduce memory usage. Loaded Objects now: 1742.
Total: 3.297400 ms (FindLiveObjects: 0.218000 ms CreateObjectMapping: 0.040000 ms MarkObjects: 2.934700 ms  DeleteObjects: 0.103200 ms)

========================================================================
Received Import Request.
  path: Assets/Scripts/AudioManager.cs
  artifactKey: Guid(dd608735576f7ec489993fe661c4efa3) Importer(815301076,1909f56bfc062723c751e8b465ee728b)
Start importing Assets/Scripts/AudioManager.cs using Guid(dd608735576f7ec489993fe661c4efa3) Importer(815301076,1909f56bfc062723c751e8b465ee728b)  -> (artifact id: 'd1016db5d118f335d77b5e4633934493') in 0.053264 seconds
  Import took 0.056191 seconds .

========================================================================
Received Import Request.
  Time since last request: 1304.604720 seconds.
  path: Assets/Sounds/EnemySounds
  artifactKey: Guid(cdf800af88670354482be579672b58d7) Importer(815301076,1909f56bfc062723c751e8b465ee728b)
Start importing Assets/Sounds/EnemySounds using Guid(cdf800af88670354482be579672b58d7) Importer(815301076,1909f56bfc062723c751e8b465ee728b)  -> (artifact id: 'dbc77abb8f5311da3143404e4c71ae71') in 0.015082 seconds
  Import took 0.018397 seconds .

========================================================================
Received Import Request.
  Time since last request: 1.189328 seconds.
  path: Assets/Sounds/EnemySounds/Attack
  artifactKey: Guid(f1d51eb6915cfb4478e49c8836da4084) Importer(815301076,1909f56bfc062723c751e8b465ee728b)
Start importing Assets/Sounds/EnemySounds/Attack using Guid(f1d51eb6915cfb4478e49c8836da4084) Importer(815301076,1909f56bfc062723c751e8b465ee728b)  -> (artifact id: '6509d2045bcc4eac59a755d42453a2ae') in 0.014888 seconds
  Import took 0.017869 seconds .

========================================================================
Received Import Request.
  Time since last request: 0.148752 seconds.
  path: Assets/Sounds/EnemySounds/Attack/monster-1.wav
  artifactKey: Guid(cf80cdd9434e75f4091ff2ff30854918) Importer(815301076,1909f56bfc062723c751e8b465ee728b)
Start importing Assets/Sounds/EnemySounds/Attack/monster-1.wav using Guid(cf80cdd9434e75f4091ff2ff30854918) Importer(815301076,1909f56bfc062723c751e8b465ee728b)  -> (artifact id: '2aae955610c15c580ae854c9f6381063') in 0.241079 seconds
  Import took 0.244967 seconds .

========================================================================
Received Import Request.
  Time since last request: 0.000523 seconds.
  path: Assets/Sounds/EnemySounds/Attack/monster-2.wav
  artifactKey: Guid(a6e1697d5db2c894395f4700e4218ce5) Importer(815301076,1909f56bfc062723c751e8b465ee728b)
Start importing Assets/Sounds/EnemySounds/Attack/monster-2.wav using Guid(a6e1697d5db2c894395f4700e4218ce5) Importer(815301076,1909f56bfc062723c751e8b465ee728b)  -> (artifact id: 'c1631bbf97e7a905c1ba93fb7da1e7ce') in 0.069136 seconds
  Import took 0.072091 seconds .

========================================================================
Received Import Request.
  Time since last request: 0.000246 seconds.
  path: Assets/Sounds/EnemySounds/Attack/monster-3.wav
  artifactKey: Guid(5761101dd6b039b40956d748eddb29b3) Importer(815301076,1909f56bfc062723c751e8b465ee728b)
Start importing Assets/Sounds/EnemySounds/Attack/monster-3.wav using Guid(5761101dd6b039b40956d748eddb29b3) Importer(815301076,1909f56bfc062723c751e8b465ee728b)  -> (artifact id: '938e18fc25fb344a57bcad56352bb582') in 0.094193 seconds
  Import took 0.096758 seconds .

========================================================================
Received Prepare
Registering precompiled user dll's ...
Registered in 0.001287 seconds.
Begin MonoManager ReloadAssembly
Native extension for WindowsStandalone target not found
Native extension for WebGL target not found
Refreshing native plugins compatible for Editor in 0.31 ms, found 0 plugins.
Preloading 0 native plugins for Editor in 0.00 ms.
Invoked RoslynAnalysisRunner static constructor.
RoslynAnalysisRunner will not be running.
RoslynAnalysisRunner has terminated.
Mono: successfully reloaded assembly
- Completed reload, in  0.974 seconds
Platform modules already initialized, skipping
Refreshing native plugins compatible for Editor in 0.35 ms, found 0 plugins.
Preloading 0 native plugins for Editor in 0.00 ms.
Unloading 1274 Unused Serialized files (Serialized files now loaded: 0)
System memory in use before: 67.0 MB.
System memory in use after: 67.1 MB.

Unloading 5 unused Assets to reduce memory usage. Loaded Objects now: 1754.
Total: 2.814800 ms (FindLiveObjects: 0.419800 ms CreateObjectMapping: 0.073200 ms MarkObjects: 2.299200 ms  DeleteObjects: 0.020600 ms)

========================================================================
Received Prepare
Registering precompiled user dll's ...
Registered in 0.001374 seconds.
Begin MonoManager ReloadAssembly
Native extension for WindowsStandalone target not found
Native extension for WebGL target not found
Refreshing native plugins compatible for Editor in 0.32 ms, found 0 plugins.
Preloading 0 native plugins for Editor in 0.00 ms.
Invoked RoslynAnalysisRunner static constructor.
RoslynAnalysisRunner will not be running.
RoslynAnalysisRunner has terminated.
Mono: successfully reloaded assembly
- Completed reload, in  1.419 seconds
Platform modules already initialized, skipping
Refreshing native plugins compatible for Editor in 0.35 ms, found 0 plugins.
Preloading 0 native plugins for Editor in 0.00 ms.
Unloading 1274 Unused Serialized files (Serialized files now loaded: 0)
System memory in use before: 67.0 MB.
System memory in use after: 67.1 MB.

Unloading 5 unused Assets to reduce memory usage. Loaded Objects now: 1757.
Total: 2.683300 ms (FindLiveObjects: 0.237700 ms CreateObjectMapping: 0.055100 ms MarkObjects: 2.365200 ms  DeleteObjects: 0.022800 ms)

========================================================================
Received Prepare
Registering precompiled user dll's ...
Registered in 0.001084 seconds.
Begin MonoManager ReloadAssembly
Native extension for WindowsStandalone target not found
Native extension for WebGL target not found
Refreshing native plugins compatible for Editor in 0.32 ms, found 0 plugins.
Preloading 0 native plugins for Editor in 0.00 ms.
Invoked RoslynAnalysisRunner static constructor.
RoslynAnalysisRunner will not be running.
RoslynAnalysisRunner has terminated.
Mono: successfully reloaded assembly
- Completed reload, in  0.978 seconds
Platform modules already initialized, skipping
Refreshing native plugins compatible for Editor in 0.60 ms, found 0 plugins.
Preloading 0 native plugins for Editor in 0.00 ms.
Unloading 1273 Unused Serialized files (Serialized files now loaded: 0)
System memory in use before: 67.0 MB.
System memory in use after: 67.1 MB.

Unloading 6 unused Assets to reduce memory usage. Loaded Objects now: 1759.
Total: 2.375100 ms (FindLiveObjects: 0.221300 ms CreateObjectMapping: 0.045400 ms MarkObjects: 2.082700 ms  DeleteObjects: 0.023800 ms)

========================================================================
Received Import Request.
  Time since last request: 667.843630 seconds.
  path: Assets/Sounds/BackgroundMusic/music - caveexplorer_hq.mp3
  artifactKey: Guid(9e0283631f17c444c92a00c87ca2b6c5) Importer(815301076,1909f56bfc062723c751e8b465ee728b)
Start importing Assets/Sounds/BackgroundMusic/music - caveexplorer_hq.mp3 using Guid(9e0283631f17c444c92a00c87ca2b6c5) Importer(815301076,1909f56bfc062723c751e8b465ee728b)  -> (artifact id: '64b4dc3ae32357f6cea3c35b7f678ee7') in 0.212210 seconds
  Import took 0.214988 seconds .

========================================================================
Received Import Request.
  Time since last request: 0.000245 seconds.
  path: Assets/Sounds/BackgroundMusic/Music - MysticalCaverns.ogg
  artifactKey: Guid(813db6449208a6645bb2323e86c51289) Importer(815301076,1909f56bfc062723c751e8b465ee728b)
Start importing Assets/Sounds/BackgroundMusic/Music - MysticalCaverns.ogg using Guid(813db6449208a6645bb2323e86c51289) Importer(815301076,1909f56bfc062723c751e8b465ee728b)  -> (artifact id: '9ce85c03e93391e86f45e33953826930') in 0.087195 seconds
  Import took 0.090274 seconds .

========================================================================
Received Import Request.
  Time since last request: 0.000344 seconds.
  path: Assets/Sounds/BackgroundMusic/music - evil_bgm.ogg
  artifactKey: Guid(e01c1d48645cc4d4dbea73dedd2d80e0) Importer(815301076,1909f56bfc062723c751e8b465ee728b)
Start importing Assets/Sounds/BackgroundMusic/music - evil_bgm.ogg using Guid(e01c1d48645cc4d4dbea73dedd2d80e0) Importer(815301076,1909f56bfc062723c751e8b465ee728b)  -> (artifact id: '0fddc864e32824194c3219edac050595') in 0.086937 seconds
  Import took 0.089690 seconds .

========================================================================
Received Import Request.
  Time since last request: 0.000217 seconds.
  path: Assets/Sounds/BackgroundMusic/Music - Of Far Different Nature - In Darkness (CC-BY).wav
  artifactKey: Guid(e043d1acb78cfb442a761f1a85ea036a) Importer(815301076,1909f56bfc062723c751e8b465ee728b)
Start importing Assets/Sounds/BackgroundMusic/Music - Of Far Different Nature - In Darkness (CC-BY).wav using Guid(e043d1acb78cfb442a761f1a85ea036a) Importer(815301076,1909f56bfc062723c751e8b465ee728b)  -> (artifact id: '465549e378876da48e808111483de854') in 0.080868 seconds
  Import took 0.083434 seconds .

========================================================================
Received Prepare
Registering precompiled user dll's ...
Registered in 0.000985 seconds.
Begin MonoManager ReloadAssembly
Native extension for WindowsStandalone target not found
Native extension for WebGL target not found
Refreshing native plugins compatible for Editor in 0.33 ms, found 0 plugins.
Preloading 0 native plugins for Editor in 0.00 ms.
Invoked RoslynAnalysisRunner static constructor.
RoslynAnalysisRunner will not be running.
RoslynAnalysisRunner has terminated.
Mono: successfully reloaded assembly
- Completed reload, in  1.138 seconds
Platform modules already initialized, skipping
Refreshing native plugins compatible for Editor in 0.33 ms, found 0 plugins.
Preloading 0 native plugins for Editor in 0.00 ms.
Unloading 1273 Unused Serialized files (Serialized files now loaded: 0)
System memory in use before: 67.0 MB.
System memory in use after: 67.1 MB.

Unloading 5 unused Assets to reduce memory usage. Loaded Objects now: 1763.
Total: 3.058500 ms (FindLiveObjects: 0.350200 ms CreateObjectMapping: 0.058700 ms MarkObjects: 2.620600 ms  DeleteObjects: 0.025800 ms)

========================================================================
Received Import Request.
  Time since last request: 99.953648 seconds.
  path: Assets/Sounds/PlayerSounds/Jump
  artifactKey: Guid(58f0c229c57407c439dbe9c028d61de0) Importer(815301076,1909f56bfc062723c751e8b465ee728b)
Start importing Assets/Sounds/PlayerSounds/Jump using Guid(58f0c229c57407c439dbe9c028d61de0) Importer(815301076,1909f56bfc062723c751e8b465ee728b)  -> (artifact id: '1b43043ca30dd5427b49706436cc41ae') in 0.018385 seconds
  Import took 0.021572 seconds .

========================================================================
Received Import Request.
  Time since last request: 0.150401 seconds.
  path: Assets/Sounds/PlayerSounds/Jump/jump1.flac
  artifactKey: Guid(e9b84d313fc793e4eb067a8874fdea74) Importer(815301076,1909f56bfc062723c751e8b465ee728b)
Start importing Assets/Sounds/PlayerSounds/Jump/jump1.flac using Guid(e9b84d313fc793e4eb067a8874fdea74) Importer(815301076,1909f56bfc062723c751e8b465ee728b)  -> (artifact id: 'cb8a8101359ab49b11820f781e8285a5') in 0.202687 seconds
  Import took 0.206190 seconds .

========================================================================
Received Import Request.
  Time since last request: 0.000252 seconds.
  path: Assets/Sounds/PlayerSounds/Jump/jump2.flac
  artifactKey: Guid(b8a4e629eb5564d4fae4c7b9a347bc99) Importer(815301076,1909f56bfc062723c751e8b465ee728b)
Start importing Assets/Sounds/PlayerSounds/Jump/jump2.flac using Guid(b8a4e629eb5564d4fae4c7b9a347bc99) Importer(815301076,1909f56bfc062723c751e8b465ee728b)  -> (artifact id: '780547e4673cf7d8d3764ec77ad0343d') in 0.051361 seconds
  Import took 0.054335 seconds .

========================================================================
Received Import Request.
  Time since last request: 0.000375 seconds.
  path: Assets/Sounds/PlayerSounds/Jump/jump5.flac
  artifactKey: Guid(26e19eaddd26d724c8902b56969c0913) Importer(815301076,1909f56bfc062723c751e8b465ee728b)
Start importing Assets/Sounds/PlayerSounds/Jump/jump5.flac using Guid(26e19eaddd26d724c8902b56969c0913) Importer(815301076,1909f56bfc062723c751e8b465ee728b)  -> (artifact id: '0e025c037d2a2c36bc507712893c4606') in 0.091040 seconds
  Import took 0.093567 seconds .

========================================================================
Received Import Request.
  Time since last request: 0.000254 seconds.
  path: Assets/Sounds/PlayerSounds/Jump/jump3.flac
  artifactKey: Guid(125633f6d8cdf5644af01e58bc8b0f25) Importer(815301076,1909f56bfc062723c751e8b465ee728b)
Start importing Assets/Sounds/PlayerSounds/Jump/jump3.flac using Guid(125633f6d8cdf5644af01e58bc8b0f25) Importer(815301076,1909f56bfc062723c751e8b465ee728b)  -> (artifact id: '5522a49e6ea1011403d64e780ce22591') in 0.051637 seconds
  Import took 0.054446 seconds .

========================================================================
Received Import Request.
  Time since last request: 0.000247 seconds.
  path: Assets/Sounds/PlayerSounds/Jump/jump4.flac
  artifactKey: Guid(1f54db2576489e44bb9855e72480a2ab) Importer(815301076,1909f56bfc062723c751e8b465ee728b)
Start importing Assets/Sounds/PlayerSounds/Jump/jump4.flac using Guid(1f54db2576489e44bb9855e72480a2ab) Importer(815301076,1909f56bfc062723c751e8b465ee728b)  -> (artifact id: 'c524a11154c48fef8b540905824b46a4') in 0.038558 seconds
  Import took 0.041016 seconds .

========================================================================
Received Prepare
Registering precompiled user dll's ...
Registered in 0.002418 seconds.
Begin MonoManager ReloadAssembly
Native extension for WindowsStandalone target not found
Native extension for WebGL target not found
Refreshing native plugins compatible for Editor in 0.39 ms, found 0 plugins.
Preloading 0 native plugins for Editor in 0.00 ms.
Invoked RoslynAnalysisRunner static constructor.
RoslynAnalysisRunner will not be running.
RoslynAnalysisRunner has terminated.
Mono: successfully reloaded assembly
- Completed reload, in  0.998 seconds
Platform modules already initialized, skipping
Refreshing native plugins compatible for Editor in 0.40 ms, found 0 plugins.
Preloading 0 native plugins for Editor in 0.00 ms.
Unloading 1273 Unused Serialized files (Serialized files now loaded: 0)
System memory in use before: 67.0 MB.
System memory in use after: 67.1 MB.

Unloading 5 unused Assets to reduce memory usage. Loaded Objects now: 1767.
Total: 3.260200 ms (FindLiveObjects: 0.278100 ms CreateObjectMapping: 0.070000 ms MarkObjects: 2.882500 ms  DeleteObjects: 0.027800 ms)

========================================================================
Received Import Request.
  Time since last request: 1262.639334 seconds.
  path: Assets/Sounds/PlayerSounds/TakeDamage/hit2.mp3
  artifactKey: Guid(2f15ee9874fa81645ad3600839e7265a) Importer(815301076,1909f56bfc062723c751e8b465ee728b)
Start importing Assets/Sounds/PlayerSounds/TakeDamage/hit2.mp3 using Guid(2f15ee9874fa81645ad3600839e7265a) Importer(815301076,1909f56bfc062723c751e8b465ee728b)  -> (artifact id: '2e75cfc69ddbe854bca57736b8ff681e') in 0.110934 seconds
  Import took 0.113727 seconds .

========================================================================
Received Import Request.
  Time since last request: 0.000269 seconds.
  path: Assets/Sounds/PlayerSounds/TakeDamage/hit4.mp3
  artifactKey: Guid(9f21e8eb24aceee44a53ae3f3085f9ad) Importer(815301076,1909f56bfc062723c751e8b465ee728b)
Start importing Assets/Sounds/PlayerSounds/TakeDamage/hit4.mp3 using Guid(9f21e8eb24aceee44a53ae3f3085f9ad) Importer(815301076,1909f56bfc062723c751e8b465ee728b)  -> (artifact id: '47ccce111a2dbae88dd6fe37a004a972') in 0.100293 seconds
  Import took 0.103159 seconds .

========================================================================
Received Import Request.
  Time since last request: 0.000246 seconds.
  path: Assets/Sounds/PlayerSounds/TakeDamage/hit1.mp3
  artifactKey: Guid(8c4df617c32d2ff419db832f422aa5ab) Importer(815301076,1909f56bfc062723c751e8b465ee728b)
Start importing Assets/Sounds/PlayerSounds/TakeDamage/hit1.mp3 using Guid(8c4df617c32d2ff419db832f422aa5ab) Importer(815301076,1909f56bfc062723c751e8b465ee728b)  -> (artifact id: '44b0c569826885bdd69ad10d128a2ac7') in 0.081277 seconds
  Import took 0.083802 seconds .

========================================================================
Received Import Request.
  Time since last request: 0.000238 seconds.
  path: Assets/Sounds/PlayerSounds/TakeDamage/die1.mp3
  artifactKey: Guid(b83cb2ca10f99af48a088d88e2a2342f) Importer(815301076,1909f56bfc062723c751e8b465ee728b)
Start importing Assets/Sounds/PlayerSounds/TakeDamage/die1.mp3 using Guid(b83cb2ca10f99af48a088d88e2a2342f) Importer(815301076,1909f56bfc062723c751e8b465ee728b)  -> (artifact id: '27b1d23b28c61f20e1aec206f421cff6') in 0.157039 seconds
  Import took 0.159750 seconds .

========================================================================
Received Import Request.
  Time since last request: 0.000328 seconds.
  path: Assets/Sounds/PlayerSounds/TakeDamage/hit3.mp3
  artifactKey: Guid(0a7eeb354d08ddc43ad9123a56467398) Importer(815301076,1909f56bfc062723c751e8b465ee728b)
Start importing Assets/Sounds/PlayerSounds/TakeDamage/hit3.mp3 using Guid(0a7eeb354d08ddc43ad9123a56467398) Importer(815301076,1909f56bfc062723c751e8b465ee728b)  -> (artifact id: 'e80196f2136645236578c70c86fe33e3') in 0.062486 seconds
  Import took 0.065108 seconds .

========================================================================
Received Import Request.
  Time since last request: 0.000232 seconds.
  path: Assets/Sounds/PlayerSounds/TakeDamage/hit5.mp3
  artifactKey: Guid(98072ff3c05521b45b5e93b2f0dd7f38) Importer(815301076,1909f56bfc062723c751e8b465ee728b)
Start importing Assets/Sounds/PlayerSounds/TakeDamage/hit5.mp3 using Guid(98072ff3c05521b45b5e93b2f0dd7f38) Importer(815301076,1909f56bfc062723c751e8b465ee728b)  -> (artifact id: '02ed4c55802f326d8daea1544cb07e42') in 0.069461 seconds
  Import took 0.071931 seconds .

========================================================================
Received Import Request.
  Time since last request: 235.695392 seconds.
  path: Assets/Sounds/PlayerSounds/Walk/snow_step_wet-05.flac
  artifactKey: Guid(70f260d2a52665c41b279ef113bcadd3) Importer(815301076,1909f56bfc062723c751e8b465ee728b)
Start importing Assets/Sounds/PlayerSounds/Walk/snow_step_wet-05.flac using Guid(70f260d2a52665c41b279ef113bcadd3) Importer(815301076,1909f56bfc062723c751e8b465ee728b)  -> (artifact id: 'a3bc1df0d96faa84b866c6e57e7949fc') in 0.130758 seconds
  Import took 0.133681 seconds .

========================================================================
Received Import Request.
  Time since last request: 0.000273 seconds.
  path: Assets/Sounds/PlayerSounds/Walk/snow_step_wet-07.flac
  artifactKey: Guid(a91bb2bf793223943979348bdafaed85) Importer(815301076,1909f56bfc062723c751e8b465ee728b)
Start importing Assets/Sounds/PlayerSounds/Walk/snow_step_wet-07.flac using Guid(a91bb2bf793223943979348bdafaed85) Importer(815301076,1909f56bfc062723c751e8b465ee728b)  -> (artifact id: '3f556039e99da04826880951d419beff') in 0.085959 seconds
  Import took 0.088978 seconds .

========================================================================
Received Import Request.
  Time since last request: 0.000244 seconds.
  path: Assets/Sounds/PlayerSounds/Walk/snow_step_wet-06.flac
  artifactKey: Guid(3754534fca0251148b061eadbcf74b23) Importer(815301076,1909f56bfc062723c751e8b465ee728b)
Start importing Assets/Sounds/PlayerSounds/Walk/snow_step_wet-06.flac using Guid(3754534fca0251148b061eadbcf74b23) Importer(815301076,1909f56bfc062723c751e8b465ee728b)  -> (artifact id: '41636c9d8935fbddeadbdfa92b842dd1') in 0.070437 seconds
  Import took 0.072888 seconds .

========================================================================
Received Import Request.
  Time since last request: 0.000254 seconds.
  path: Assets/Sounds/PlayerSounds/Walk/snow_step_wet-08.flac
  artifactKey: Guid(1f97c01e1904d9a4481add76013c396e) Importer(815301076,1909f56bfc062723c751e8b465ee728b)
Start importing Assets/Sounds/PlayerSounds/Walk/snow_step_wet-08.flac using Guid(1f97c01e1904d9a4481add76013c396e) Importer(815301076,1909f56bfc062723c751e8b465ee728b)  -> (artifact id: 'd3563e86c5e2cd6a885c228967d1e48c') in 0.039809 seconds
  Import took 0.042470 seconds .

========================================================================
Received Prepare
Registering precompiled user dll's ...
Registered in 0.001279 seconds.
Begin MonoManager ReloadAssembly
Native extension for WindowsStandalone target not found
Native extension for WebGL target not found
Refreshing native plugins compatible for Editor in 0.31 ms, found 0 plugins.
Preloading 0 native plugins for Editor in 0.00 ms.
Invoked RoslynAnalysisRunner static constructor.
RoslynAnalysisRunner will not be running.
RoslynAnalysisRunner has terminated.
Mono: successfully reloaded assembly
- Completed reload, in  1.114 seconds
Platform modules already initialized, skipping
Refreshing native plugins compatible for Editor in 0.40 ms, found 0 plugins.
Preloading 0 native plugins for Editor in 0.00 ms.
Unloading 1273 Unused Serialized files (Serialized files now loaded: 0)
System memory in use before: 67.1 MB.
System memory in use after: 67.2 MB.

Unloading 5 unused Assets to reduce memory usage. Loaded Objects now: 1771.
Total: 2.777800 ms (FindLiveObjects: 0.286100 ms CreateObjectMapping: 0.047900 ms MarkObjects: 2.422300 ms  DeleteObjects: 0.019400 ms)

========================================================================
Received Prepare
Registering precompiled user dll's ...
Registered in 0.001192 seconds.
Begin MonoManager ReloadAssembly
Native extension for WindowsStandalone target not found
Native extension for WebGL target not found
Refreshing native plugins compatible for Editor in 0.37 ms, found 0 plugins.
Preloading 0 native plugins for Editor in 0.00 ms.
Invoked RoslynAnalysisRunner static constructor.
RoslynAnalysisRunner will not be running.
RoslynAnalysisRunner has terminated.
Mono: successfully reloaded assembly
- Completed reload, in  1.167 seconds
Platform modules already initialized, skipping
Refreshing native plugins compatible for Editor in 0.31 ms, found 0 plugins.
Preloading 0 native plugins for Editor in 0.00 ms.
Unloading 1273 Unused Serialized files (Serialized files now loaded: 0)
System memory in use before: 67.1 MB.
System memory in use after: 67.2 MB.

Unloading 5 unused Assets to reduce memory usage. Loaded Objects now: 1774.
Total: 2.464500 ms (FindLiveObjects: 0.232200 ms CreateObjectMapping: 0.047200 ms MarkObjects: 2.159900 ms  DeleteObjects: 0.023400 ms)

========================================================================
Received Prepare
Registering precompiled user dll's ...
Registered in 0.001108 seconds.
Begin MonoManager ReloadAssembly
Native extension for WindowsStandalone target not found
Native extension for WebGL target not found
Refreshing native plugins compatible for Editor in 0.31 ms, found 0 plugins.
Preloading 0 native plugins for Editor in 0.00 ms.
Invoked RoslynAnalysisRunner static constructor.
RoslynAnalysisRunner will not be running.
RoslynAnalysisRunner has terminated.
Mono: successfully reloaded assembly
- Completed reload, in  1.081 seconds
Platform modules already initialized, skipping
Refreshing native plugins compatible for Editor in 0.43 ms, found 0 plugins.
Preloading 0 native plugins for Editor in 0.00 ms.
Unloading 1273 Unused Serialized files (Serialized files now loaded: 0)
System memory in use before: 67.1 MB.
System memory in use after: 67.2 MB.

Unloading 5 unused Assets to reduce memory usage. Loaded Objects now: 1777.
Total: 2.445300 ms (FindLiveObjects: 0.235900 ms CreateObjectMapping: 0.048700 ms MarkObjects: 2.138700 ms  DeleteObjects: 0.019600 ms)

