Using pre-set license
Built from '2020.2/staging' branch; Version is '2020.2.7f1 (c53830e277f1) revision 12924976'; Using compiler version '192528614'; Build Type 'Release'
OS: 'Windows 10 Pro; OS build 19042.867; Version 2009; 64bit' Language: 'en' Physical Memory: 16198 MB
BatchMode: 1, IsHumanControllingUs: 0, StartBugReporterOnCrash: 0, Is64bit: 1, IsPro: 0

 COMMAND LINE ARGUMENTS:
C:\Program Files\Unity\Hub\Editor\2020.2.7f1\Editor\Unity.exe
-adb2
-batchMode
-noUpm
-name
AssetImportWorker0
-projectPath
C:/Users/saini/OneDrive/Documents/semester 4/Web Game/Projects/Freedom 2/Freedom-main
-logFile
Logs/AssetImportWorker0.log
-srvPort
64351
Successfully changed project path to: C:/Users/saini/OneDrive/Documents/semester 4/Web Game/Projects/Freedom 2/Freedom-main
C:/Users/saini/OneDrive/Documents/semester 4/Web Game/Projects/Freedom 2/Freedom-main
Using Asset Import Pipeline V2.
Refreshing native plugins compatible for Editor in 74.09 ms, found 0 plugins.
Preloading 0 native plugins for Editor in 0.00 ms.
Initialize engine version: 2020.2.7f1 (c53830e277f1)
[Subsystems] Discovering subsystems at path C:/Program Files/Unity/Hub/Editor/2020.2.7f1/Editor/Data/Resources/UnitySubsystems
[Subsystems] Discovering subsystems at path C:/Users/saini/OneDrive/Documents/semester 4/Web Game/Projects/Freedom 2/Freedom-main/Assets
GfxDevice: creating device client; threaded=0
Direct3D:
    Version:  Direct3D 11.0 [level 11.1]
    Renderer: NVIDIA GeForce MX250 (ID=0x1d52)
    Vendor:   
    VRAM:     1983 MB
    Driver:   27.21.14.6140
Initialize mono
Mono path[0] = 'C:/Program Files/Unity/Hub/Editor/2020.2.7f1/Editor/Data/Managed'
Mono path[1] = 'C:/Program Files/Unity/Hub/Editor/2020.2.7f1/Editor/Data/MonoBleedingEdge/lib/mono/unityjit'
Mono config path = 'C:/Program Files/Unity/Hub/Editor/2020.2.7f1/Editor/Data/MonoBleedingEdge/etc'
Using monoOptions --debugger-agent=transport=dt_socket,embedding=1,server=y,suspend=n,address=127.0.0.1:56996
Begin MonoManager ReloadAssembly
Registering precompiled unity dll's ...
Register platform support module: C:/Program Files/Unity/Hub/Editor/2020.2.7f1/Editor/Data/PlaybackEngines/WebGLSupport/UnityEditor.WebGL.Extensions.dll
Register platform support module: C:/Program Files/Unity/Hub/Editor/2020.2.7f1/Editor/Data/PlaybackEngines/WindowsStandaloneSupport/UnityEditor.WindowsStandalone.Extensions.dll
Registered in 0.009228 seconds.
Native extension for WindowsStandalone target not found
Native extension for WebGL target not found
Refreshing native plugins compatible for Editor in 61.07 ms, found 0 plugins.
Preloading 0 native plugins for Editor in 0.00 ms.
Invoked RoslynAnalysisRunner static constructor.
RoslynAnalysisRunner will not be running.
RoslynAnalysisRunner has terminated.
Mono: successfully reloaded assembly
- Completed reload, in  2.785 seconds
Platform modules already initialized, skipping
Registering precompiled user dll's ...
Registered in 0.001405 seconds.
Begin MonoManager ReloadAssembly
Native extension for WindowsStandalone target not found
Native extension for WebGL target not found
Refreshing native plugins compatible for Editor in 0.82 ms, found 0 plugins.
Preloading 0 native plugins for Editor in 0.00 ms.
Invoked RoslynAnalysisRunner static constructor.
RoslynAnalysisRunner will not be running.
RoslynAnalysisRunner has terminated.
Mono: successfully reloaded assembly
- Completed reload, in  2.845 seconds
Platform modules already initialized, skipping
========================================================================
Worker process is ready to serve import requests
Launched and connected shader compiler UnityShaderCompiler.exe after 0.26 seconds
Refreshing native plugins compatible for Editor in 0.67 ms, found 0 plugins.
Preloading 0 native plugins for Editor in 0.00 ms.
Unloading 1304 Unused Serialized files (Serialized files now loaded: 0)
System memory in use before: 67.5 MB.
System memory in use after: 67.6 MB.

Unloading 10 unused Assets to reduce memory usage. Loaded Objects now: 1754.
Total: 4.484500 ms (FindLiveObjects: 0.336900 ms CreateObjectMapping: 0.122800 ms MarkObjects: 3.853400 ms  DeleteObjects: 0.167900 ms)

========================================================================
Received Import Request.
  path: Assets/Sprites/wooden_spikes.fbx
  artifactKey: Guid(101d283e84cce2348b2dfd08c4982f25) Importer(815301076,1909f56bfc062723c751e8b465ee728b)
Start importing Assets/Sprites/wooden_spikes.fbx using Guid(101d283e84cce2348b2dfd08c4982f25) Importer(815301076,1909f56bfc062723c751e8b465ee728b)  -> (artifact id: '431260f7e5c1d930fe89f5606bd1d058') in 0.416041 seconds
  Import took 0.422889 seconds .

========================================================================
Received Import Request.
  Time since last request: 14.037777 seconds.
  path: Assets/Sprites/wooden_spikes.fbx
  artifactKey: Guid(101d283e84cce2348b2dfd08c4982f25) Importer(815301076,1909f56bfc062723c751e8b465ee728b)
Start importing Assets/Sprites/wooden_spikes.fbx using Guid(101d283e84cce2348b2dfd08c4982f25) Importer(815301076,1909f56bfc062723c751e8b465ee728b)  -> (artifact id: '75b91bfe35f6bb3bb523dd2d98381997') in 0.055982 seconds
  Import took 0.059373 seconds .

========================================================================
Received Prepare
Registering precompiled user dll's ...
Registered in 0.001344 seconds.
Begin MonoManager ReloadAssembly
Native extension for WindowsStandalone target not found
Native extension for WebGL target not found
Refreshing native plugins compatible for Editor in 1.40 ms, found 0 plugins.
Preloading 0 native plugins for Editor in 0.00 ms.
Invoked RoslynAnalysisRunner static constructor.
RoslynAnalysisRunner will not be running.
RoslynAnalysisRunner has terminated.
Mono: successfully reloaded assembly
- Completed reload, in  3.977 seconds
Platform modules already initialized, skipping
Refreshing native plugins compatible for Editor in 0.66 ms, found 0 plugins.
Preloading 0 native plugins for Editor in 0.00 ms.
Unloading 1280 Unused Serialized files (Serialized files now loaded: 0)
System memory in use before: 69.4 MB.
System memory in use after: 69.5 MB.

Unloading 5 unused Assets to reduce memory usage. Loaded Objects now: 1800.
Total: 4.701400 ms (FindLiveObjects: 0.516200 ms CreateObjectMapping: 0.179500 ms MarkObjects: 3.963100 ms  DeleteObjects: 0.039600 ms)

========================================================================
Received Import Request.
  Time since last request: 1619.334780 seconds.
  path: Assets/Sprites/Rocks_group.fbx
  artifactKey: Guid(7dd7b19e53870dc4f979def9abd2fa75) Importer(815301076,1909f56bfc062723c751e8b465ee728b)
Start importing Assets/Sprites/Rocks_group.fbx using Guid(7dd7b19e53870dc4f979def9abd2fa75) Importer(815301076,1909f56bfc062723c751e8b465ee728b)  -> (artifact id: '1e82bbca02508d76bda1e7aeeef044a3') in 1.019341 seconds
  Import took 1.035133 seconds .

========================================================================
Received Import Request.
  Time since last request: 772.356841 seconds.
  path: Assets/Sprites/rocks_17.fbx
  artifactKey: Guid(58922397e56848745b97fca3746b456b) Importer(815301076,1909f56bfc062723c751e8b465ee728b)
Start importing Assets/Sprites/rocks_17.fbx using Guid(58922397e56848745b97fca3746b456b) Importer(815301076,1909f56bfc062723c751e8b465ee728b)  -> (artifact id: 'd02e20c2e7bb50aea78e552c5cd7935d') in 0.290275 seconds
  Import took 0.303175 seconds .

========================================================================
Received Prepare
Registering precompiled user dll's ...
Registered in 0.003765 seconds.
Begin MonoManager ReloadAssembly
Native extension for WindowsStandalone target not found
Native extension for WebGL target not found
Refreshing native plugins compatible for Editor in 0.95 ms, found 0 plugins.
Preloading 0 native plugins for Editor in 0.00 ms.
Invoked RoslynAnalysisRunner static constructor.
RoslynAnalysisRunner will not be running.
RoslynAnalysisRunner has terminated.
Mono: successfully reloaded assembly
- Completed reload, in  3.776 seconds
Platform modules already initialized, skipping
Refreshing native plugins compatible for Editor in 1.16 ms, found 0 plugins.
Preloading 0 native plugins for Editor in 0.00 ms.
Unloading 1280 Unused Serialized files (Serialized files now loaded: 0)
System memory in use before: 69.5 MB.
System memory in use after: 69.6 MB.

Unloading 5 unused Assets to reduce memory usage. Loaded Objects now: 1804.
Total: 6.845700 ms (FindLiveObjects: 0.614500 ms CreateObjectMapping: 0.253800 ms MarkObjects: 5.906100 ms  DeleteObjects: 0.066800 ms)

========================================================================
Received Prepare
Registering precompiled user dll's ...
Registered in 0.002878 seconds.
Begin MonoManager ReloadAssembly
Native extension for WindowsStandalone target not found
Native extension for WebGL target not found
Refreshing native plugins compatible for Editor in 1.04 ms, found 0 plugins.
Preloading 0 native plugins for Editor in 0.00 ms.
Invoked RoslynAnalysisRunner static constructor.
RoslynAnalysisRunner will not be running.
RoslynAnalysisRunner has terminated.
Mono: successfully reloaded assembly
- Completed reload, in  2.664 seconds
Platform modules already initialized, skipping
Refreshing native plugins compatible for Editor in 0.66 ms, found 0 plugins.
Preloading 0 native plugins for Editor in 0.00 ms.
Unloading 1280 Unused Serialized files (Serialized files now loaded: 0)
System memory in use before: 69.5 MB.
System memory in use after: 69.6 MB.

Unloading 5 unused Assets to reduce memory usage. Loaded Objects now: 1807.
Total: 4.243000 ms (FindLiveObjects: 0.668700 ms CreateObjectMapping: 0.333100 ms MarkObjects: 3.202100 ms  DeleteObjects: 0.035900 ms)

========================================================================
Received Prepare
Registering precompiled user dll's ...
Registered in 0.003123 seconds.
Begin MonoManager ReloadAssembly
Native extension for WindowsStandalone target not found
Native extension for WebGL target not found
Refreshing native plugins compatible for Editor in 0.76 ms, found 0 plugins.
Preloading 0 native plugins for Editor in 0.00 ms.
Invoked RoslynAnalysisRunner static constructor.
RoslynAnalysisRunner will not be running.
RoslynAnalysisRunner has terminated.
Mono: successfully reloaded assembly
- Completed reload, in  2.872 seconds
Platform modules already initialized, skipping
Refreshing native plugins compatible for Editor in 0.90 ms, found 0 plugins.
Preloading 0 native plugins for Editor in 0.00 ms.
Unloading 1280 Unused Serialized files (Serialized files now loaded: 0)
System memory in use before: 69.5 MB.
System memory in use after: 69.6 MB.

Unloading 5 unused Assets to reduce memory usage. Loaded Objects now: 1810.
Total: 6.455100 ms (FindLiveObjects: 0.644600 ms CreateObjectMapping: 0.220300 ms MarkObjects: 5.523300 ms  DeleteObjects: 0.062100 ms)

========================================================================
Received Import Request.
  Time since last request: 1357.049447 seconds.
  path: Assets/Scenes/GameOver.unity
  artifactKey: Guid(476758dcfc83a02458a03b5004c2555c) Importer(815301076,1909f56bfc062723c751e8b465ee728b)
Start importing Assets/Scenes/GameOver.unity using Guid(476758dcfc83a02458a03b5004c2555c) Importer(815301076,1909f56bfc062723c751e8b465ee728b)  -> (artifact id: 'bb893b32160695cac08c8043a082f90c') in 0.029543 seconds
  Import took 0.033306 seconds .

========================================================================
Received Import Request.
  Time since last request: 681.520192 seconds.
  path: Assets/Scripts/LoadingScene.cs
  artifactKey: Guid(f9ce8dcc461d1544caa447fd5d58ed24) Importer(815301076,1909f56bfc062723c751e8b465ee728b)
Start importing Assets/Scripts/LoadingScene.cs using Guid(f9ce8dcc461d1544caa447fd5d58ed24) Importer(815301076,1909f56bfc062723c751e8b465ee728b)  -> (artifact id: '7c32e1a656eddf249352095df58513c1') in 0.061240 seconds
  Import took 0.071442 seconds .

========================================================================
Received Import Request.
  Time since last request: 194.076945 seconds.
  path: Assets/Prefabs/NewGameButton.prefab
  artifactKey: Guid(ea183f3c0d5cbcf46ac68c1e7650c8a5) Importer(815301076,1909f56bfc062723c751e8b465ee728b)
Start importing Assets/Prefabs/NewGameButton.prefab using Guid(ea183f3c0d5cbcf46ac68c1e7650c8a5) Importer(815301076,1909f56bfc062723c751e8b465ee728b)  -> (artifact id: '29bb3fd4c63230fab68f8ee4ce2daf25') in 0.164630 seconds
  Import took 0.169585 seconds .

========================================================================
Received Import Request.
  Time since last request: 296.167896 seconds.
  path: Assets/Scripts/Player/PlayerScript.cs
  artifactKey: Guid(bec8b0f79fa263743bce8bd5b28b048b) Importer(815301076,1909f56bfc062723c751e8b465ee728b)
Start importing Assets/Scripts/Player/PlayerScript.cs using Guid(bec8b0f79fa263743bce8bd5b28b048b) Importer(815301076,1909f56bfc062723c751e8b465ee728b)  -> (artifact id: '230621f510875b06cd94e2d86fef2d3f') in 0.013667 seconds
  Import took 0.018262 seconds .

========================================================================
Received Prepare
Registering precompiled user dll's ...
Registered in 0.005245 seconds.
Begin MonoManager ReloadAssembly
Native extension for WindowsStandalone target not found
Native extension for WebGL target not found
Refreshing native plugins compatible for Editor in 0.90 ms, found 0 plugins.
Preloading 0 native plugins for Editor in 0.00 ms.
Invoked RoslynAnalysisRunner static constructor.
RoslynAnalysisRunner will not be running.
RoslynAnalysisRunner has terminated.
Mono: successfully reloaded assembly
- Completed reload, in  2.163 seconds
Platform modules already initialized, skipping
Refreshing native plugins compatible for Editor in 0.48 ms, found 0 plugins.
Preloading 0 native plugins for Editor in 0.00 ms.
Unloading 1281 Unused Serialized files (Serialized files now loaded: 0)
System memory in use before: 69.6 MB.
System memory in use after: 69.7 MB.

Unloading 6 unused Assets to reduce memory usage. Loaded Objects now: 1814.
Total: 3.328700 ms (FindLiveObjects: 0.444800 ms CreateObjectMapping: 0.155000 ms MarkObjects: 2.675900 ms  DeleteObjects: 0.051000 ms)

========================================================================
Received Import Request.
  Time since last request: 704.905220 seconds.
  path: Assets/Scripts/RetryGame.cs
  artifactKey: Guid(5a60bd8b5a275ef49a7a9fe26f625ebc) Importer(815301076,1909f56bfc062723c751e8b465ee728b)
Start importing Assets/Scripts/RetryGame.cs using Guid(5a60bd8b5a275ef49a7a9fe26f625ebc) Importer(815301076,1909f56bfc062723c751e8b465ee728b)  -> (artifact id: '6f2ac3e858397f4f065c202c94f53793') in 0.021188 seconds
  Import took 0.025795 seconds .

========================================================================
Received Prepare
Registering precompiled user dll's ...
Registered in 0.001692 seconds.
Begin MonoManager ReloadAssembly
Native extension for WindowsStandalone target not found
Native extension for WebGL target not found
Refreshing native plugins compatible for Editor in 0.48 ms, found 0 plugins.
Preloading 0 native plugins for Editor in 0.00 ms.
Invoked RoslynAnalysisRunner static constructor.
RoslynAnalysisRunner will not be running.
RoslynAnalysisRunner has terminated.
Mono: successfully reloaded assembly
- Completed reload, in  1.829 seconds
Platform modules already initialized, skipping
Refreshing native plugins compatible for Editor in 0.46 ms, found 0 plugins.
Preloading 0 native plugins for Editor in 0.00 ms.
Unloading 1281 Unused Serialized files (Serialized files now loaded: 0)
System memory in use before: 69.6 MB.
System memory in use after: 69.7 MB.

Unloading 5 unused Assets to reduce memory usage. Loaded Objects now: 1817.
Total: 3.072800 ms (FindLiveObjects: 0.260100 ms CreateObjectMapping: 0.085500 ms MarkObjects: 2.696800 ms  DeleteObjects: 0.029000 ms)

========================================================================
Received Import Request.
  Time since last request: 695.445494 seconds.
  path: Assets/Scripts/REstartMenu.cs
  artifactKey: Guid(451ad13f29cd3f7428da2ef840a87bc2) Importer(815301076,1909f56bfc062723c751e8b465ee728b)
Start importing Assets/Scripts/REstartMenu.cs using Guid(451ad13f29cd3f7428da2ef840a87bc2) Importer(815301076,1909f56bfc062723c751e8b465ee728b)  -> (artifact id: 'd9514903627ac2fbaf7db348cdc3d2c0') in 0.478700 seconds
  Import took 0.491935 seconds .

========================================================================
Received Prepare
Registering precompiled user dll's ...
Registered in 0.001913 seconds.
Begin MonoManager ReloadAssembly
Native extension for WindowsStandalone target not found
Native extension for WebGL target not found
Refreshing native plugins compatible for Editor in 0.61 ms, found 0 plugins.
Preloading 0 native plugins for Editor in 0.00 ms.
Invoked RoslynAnalysisRunner static constructor.
RoslynAnalysisRunner will not be running.
RoslynAnalysisRunner has terminated.
Mono: successfully reloaded assembly
- Completed reload, in  2.343 seconds
Platform modules already initialized, skipping
Refreshing native plugins compatible for Editor in 0.63 ms, found 0 plugins.
Preloading 0 native plugins for Editor in 0.00 ms.
Unloading 1282 Unused Serialized files (Serialized files now loaded: 0)
System memory in use before: 69.6 MB.
System memory in use after: 69.7 MB.

Unloading 5 unused Assets to reduce memory usage. Loaded Objects now: 1821.
Total: 4.381700 ms (FindLiveObjects: 0.522800 ms CreateObjectMapping: 0.179900 ms MarkObjects: 3.620200 ms  DeleteObjects: 0.056200 ms)

========================================================================
Received Prepare
Registering precompiled user dll's ...
Registered in 0.001756 seconds.
Begin MonoManager ReloadAssembly
Native extension for WindowsStandalone target not found
Native extension for WebGL target not found
Refreshing native plugins compatible for Editor in 0.63 ms, found 0 plugins.
Preloading 0 native plugins for Editor in 0.00 ms.
Invoked RoslynAnalysisRunner static constructor.
RoslynAnalysisRunner will not be running.
RoslynAnalysisRunner has terminated.
Mono: successfully reloaded assembly
- Completed reload, in  2.153 seconds
Platform modules already initialized, skipping
Refreshing native plugins compatible for Editor in 0.48 ms, found 0 plugins.
Preloading 0 native plugins for Editor in 0.00 ms.
Unloading 1282 Unused Serialized files (Serialized files now loaded: 0)
System memory in use before: 69.6 MB.
System memory in use after: 69.7 MB.

Unloading 5 unused Assets to reduce memory usage. Loaded Objects now: 1824.
Total: 3.418900 ms (FindLiveObjects: 0.395700 ms CreateObjectMapping: 0.224300 ms MarkObjects: 2.768300 ms  DeleteObjects: 0.027900 ms)

========================================================================
Received Import Request.
  Time since last request: 65.263938 seconds.
  path: Assets/Scripts/REstartMenu.cs
  artifactKey: Guid(451ad13f29cd3f7428da2ef840a87bc2) Importer(815301076,1909f56bfc062723c751e8b465ee728b)
Start importing Assets/Scripts/REstartMenu.cs using Guid(451ad13f29cd3f7428da2ef840a87bc2) Importer(815301076,1909f56bfc062723c751e8b465ee728b)  -> (artifact id: '6e6c5e94be35e5216f8a031abe539781') in 0.011449 seconds
  Import took 0.016334 seconds .

========================================================================
Received Import Request.
  Time since last request: 270.485198 seconds.
  path: Assets/Scenes/GameOver.unity
  artifactKey: Guid(476758dcfc83a02458a03b5004c2555c) Importer(815301076,1909f56bfc062723c751e8b465ee728b)
Start importing Assets/Scenes/GameOver.unity using Guid(476758dcfc83a02458a03b5004c2555c) Importer(815301076,1909f56bfc062723c751e8b465ee728b)  -> (artifact id: 'c1b0e0a74f63396bc2bb40550bd47d28') in 0.025788 seconds
  Import took 0.030442 seconds .

========================================================================
Received Import Request.
  Time since last request: 109.793446 seconds.
  path: Assets/Scripts/Player/HealthBar.cs
  artifactKey: Guid(996b0643ba8d2f84c9b3b1ca73ee898b) Importer(815301076,1909f56bfc062723c751e8b465ee728b)
Start importing Assets/Scripts/Player/HealthBar.cs using Guid(996b0643ba8d2f84c9b3b1ca73ee898b) Importer(815301076,1909f56bfc062723c751e8b465ee728b)  -> (artifact id: '12c87cd5536cc2784886c319d00368ac') in 0.017157 seconds
  Import took 0.021336 seconds .

========================================================================
Received Import Request.
  Time since last request: 0.003179 seconds.
  path: Assets/Scripts/Player/HealthBar.cs
  artifactKey: Guid(996b0643ba8d2f84c9b3b1ca73ee898b) Importer(815301076,1909f56bfc062723c751e8b465ee728b)
Start importing Assets/Scripts/Player/HealthBar.cs using Guid(996b0643ba8d2f84c9b3b1ca73ee898b) Importer(815301076,1909f56bfc062723c751e8b465ee728b)  -> (artifact id: '12c87cd5536cc2784886c319d00368ac') in 0.007842 seconds
  Import took 0.012812 seconds .

========================================================================
Received Import Request.
  Time since last request: 469.390066 seconds.
  path: Assets/Prefabs/Player.prefab
  artifactKey: Guid(e81638be572608741891aaa3c0121a7d) Importer(815301076,1909f56bfc062723c751e8b465ee728b)
Start importing Assets/Prefabs/Player.prefab using Guid(e81638be572608741891aaa3c0121a7d) Importer(815301076,1909f56bfc062723c751e8b465ee728b)  -> (artifact id: '4a3550439038c74aadd465e45cb763cf') in 0.174676 seconds
  Import took 0.181212 seconds .

========================================================================
Received Import Request.
  Time since last request: 63.687998 seconds.
  path: Assets/Others/Gizmos
  artifactKey: Guid(3cfb44fd707d8ac4d99d88612bd2e338) Importer(815301076,1909f56bfc062723c751e8b465ee728b)
Start importing Assets/Others/Gizmos using Guid(3cfb44fd707d8ac4d99d88612bd2e338) Importer(815301076,1909f56bfc062723c751e8b465ee728b)  -> (artifact id: '5779b85ff209160baafef0c9771cc208') in 0.014938 seconds
  Import took 0.019037 seconds .

========================================================================
Received Import Request.
  Time since last request: 9.093367 seconds.
  path: Assets/Others/Small Cave Kit/Animations
  artifactKey: Guid(786be0141a731324da769221caecb093) Importer(815301076,1909f56bfc062723c751e8b465ee728b)
Start importing Assets/Others/Small Cave Kit/Animations using Guid(786be0141a731324da769221caecb093) Importer(815301076,1909f56bfc062723c751e8b465ee728b)  -> (artifact id: '5bd6e299c6734aa78fd14af60eed9e78') in 0.015897 seconds
  Import took 0.020066 seconds .

========================================================================
Received Import Request.
  Time since last request: 95.528880 seconds.
  path: Assets/Scenes/Level 1.unity
  artifactKey: Guid(0a947bc58b8095543a46e55d0e1d754a) Importer(815301076,1909f56bfc062723c751e8b465ee728b)
Start importing Assets/Scenes/Level 1.unity using Guid(0a947bc58b8095543a46e55d0e1d754a) Importer(815301076,1909f56bfc062723c751e8b465ee728b)  -> (artifact id: '0fbc204ebf4ed7fc9c617a16b5bba3e6') in 0.021818 seconds
  Import took 0.026185 seconds .

========================================================================
Received Import Request.
  Time since last request: 75.850185 seconds.
  path: Assets/Scenes/GameOver.unity
  artifactKey: Guid(476758dcfc83a02458a03b5004c2555c) Importer(815301076,1909f56bfc062723c751e8b465ee728b)
Start importing Assets/Scenes/GameOver.unity using Guid(476758dcfc83a02458a03b5004c2555c) Importer(815301076,1909f56bfc062723c751e8b465ee728b)  -> (artifact id: '9ca4b92c8d0e1a24e93921f9bfca1a17') in 0.015566 seconds
  Import took 0.021160 seconds .

========================================================================
Received Import Request.
  Time since last request: 0.015308 seconds.
  path: Assets/Scenes/GameOver.unity
  artifactKey: Guid(476758dcfc83a02458a03b5004c2555c) Importer(815301076,1909f56bfc062723c751e8b465ee728b)
Start importing Assets/Scenes/GameOver.unity using Guid(476758dcfc83a02458a03b5004c2555c) Importer(815301076,1909f56bfc062723c751e8b465ee728b)  -> (artifact id: '9ca4b92c8d0e1a24e93921f9bfca1a17') in 0.008538 seconds
  Import took 0.012705 seconds .

========================================================================
Received Prepare
Registering precompiled user dll's ...
Registered in 0.001569 seconds.
Begin MonoManager ReloadAssembly
Native extension for WindowsStandalone target not found
Native extension for WebGL target not found
Refreshing native plugins compatible for Editor in 0.53 ms, found 0 plugins.
Preloading 0 native plugins for Editor in 0.00 ms.
Invoked RoslynAnalysisRunner static constructor.
RoslynAnalysisRunner will not be running.
RoslynAnalysisRunner has terminated.
Mono: successfully reloaded assembly
- Completed reload, in  1.872 seconds
Platform modules already initialized, skipping
Refreshing native plugins compatible for Editor in 0.51 ms, found 0 plugins.
Preloading 0 native plugins for Editor in 0.00 ms.
Unloading 1282 Unused Serialized files (Serialized files now loaded: 0)
System memory in use before: 69.7 MB.
System memory in use after: 69.8 MB.

Unloading 5 unused Assets to reduce memory usage. Loaded Objects now: 1828.
Total: 3.541700 ms (FindLiveObjects: 0.408700 ms CreateObjectMapping: 0.155400 ms MarkObjects: 2.944800 ms  DeleteObjects: 0.030000 ms)

========================================================================
Received Prepare
Registering precompiled user dll's ...
Registered in 0.002057 seconds.
Begin MonoManager ReloadAssembly
Native extension for WindowsStandalone target not found
Native extension for WebGL target not found
Refreshing native plugins compatible for Editor in 0.46 ms, found 0 plugins.
Preloading 0 native plugins for Editor in 0.00 ms.
Invoked RoslynAnalysisRunner static constructor.
RoslynAnalysisRunner will not be running.
RoslynAnalysisRunner has terminated.
Mono: successfully reloaded assembly
- Completed reload, in  1.849 seconds
Platform modules already initialized, skipping
Refreshing native plugins compatible for Editor in 0.72 ms, found 0 plugins.
Preloading 0 native plugins for Editor in 0.00 ms.
Unloading 1282 Unused Serialized files (Serialized files now loaded: 0)
System memory in use before: 69.7 MB.
System memory in use after: 69.8 MB.

Unloading 5 unused Assets to reduce memory usage. Loaded Objects now: 1831.
Total: 4.007000 ms (FindLiveObjects: 0.566300 ms CreateObjectMapping: 0.240400 ms MarkObjects: 3.163300 ms  DeleteObjects: 0.033700 ms)

========================================================================
Received Import Request.
  Time since last request: 254.948054 seconds.
  path: Assets/Scripts/Player/PlayerScript.cs
  artifactKey: Guid(bec8b0f79fa263743bce8bd5b28b048b) Importer(815301076,1909f56bfc062723c751e8b465ee728b)
Start importing Assets/Scripts/Player/PlayerScript.cs using Guid(bec8b0f79fa263743bce8bd5b28b048b) Importer(815301076,1909f56bfc062723c751e8b465ee728b)  -> (artifact id: '20ec174fb63677a37f6e70389d3377db') in 0.020596 seconds
  Import took 0.025319 seconds .

========================================================================
Received Prepare
Registering precompiled user dll's ...
Registered in 0.001816 seconds.
Begin MonoManager ReloadAssembly
Native extension for WindowsStandalone target not found
Native extension for WebGL target not found
Refreshing native plugins compatible for Editor in 1.00 ms, found 0 plugins.
Preloading 0 native plugins for Editor in 0.00 ms.
Invoked RoslynAnalysisRunner static constructor.
RoslynAnalysisRunner will not be running.
RoslynAnalysisRunner has terminated.
Mono: successfully reloaded assembly
- Completed reload, in  2.813 seconds
Platform modules already initialized, skipping
Refreshing native plugins compatible for Editor in 0.63 ms, found 0 plugins.
Preloading 0 native plugins for Editor in 0.00 ms.
Unloading 1282 Unused Serialized files (Serialized files now loaded: 0)
System memory in use before: 69.7 MB.
System memory in use after: 69.8 MB.

Unloading 5 unused Assets to reduce memory usage. Loaded Objects now: 1834.
Total: 3.668600 ms (FindLiveObjects: 0.375800 ms CreateObjectMapping: 0.136100 ms MarkObjects: 3.119100 ms  DeleteObjects: 0.035000 ms)

========================================================================
Received Prepare
Registering precompiled user dll's ...
Registered in 0.002234 seconds.
Begin MonoManager ReloadAssembly
Native extension for WindowsStandalone target not found
Native extension for WebGL target not found
Refreshing native plugins compatible for Editor in 0.53 ms, found 0 plugins.
Preloading 0 native plugins for Editor in 0.00 ms.
Invoked RoslynAnalysisRunner static constructor.
RoslynAnalysisRunner will not be running.
RoslynAnalysisRunner has terminated.
Mono: successfully reloaded assembly
- Completed reload, in  1.856 seconds
Platform modules already initialized, skipping
Refreshing native plugins compatible for Editor in 0.65 ms, found 0 plugins.
Preloading 0 native plugins for Editor in 0.00 ms.
Unloading 1282 Unused Serialized files (Serialized files now loaded: 0)
System memory in use before: 69.7 MB.
System memory in use after: 69.8 MB.

Unloading 5 unused Assets to reduce memory usage. Loaded Objects now: 1837.
Total: 3.974700 ms (FindLiveObjects: 0.338000 ms CreateObjectMapping: 0.123700 ms MarkObjects: 3.475900 ms  DeleteObjects: 0.035000 ms)

========================================================================
Received Import Request.
  Time since last request: 648.094236 seconds.
  path: Assets/Scripts/Player/Collisiondeath.cs
  artifactKey: Guid(3405d7cefa084c84aba78be4a90c2f6b) Importer(815301076,1909f56bfc062723c751e8b465ee728b)
Start importing Assets/Scripts/Player/Collisiondeath.cs using Guid(3405d7cefa084c84aba78be4a90c2f6b) Importer(815301076,1909f56bfc062723c751e8b465ee728b)  -> (artifact id: 'c9421128da5ca92e75eb4355595361cf') in 0.030819 seconds
  Import took 0.036712 seconds .

========================================================================
Received Prepare
Registering precompiled user dll's ...
Registered in 0.001664 seconds.
Begin MonoManager ReloadAssembly
Native extension for WindowsStandalone target not found
Native extension for WebGL target not found
Refreshing native plugins compatible for Editor in 0.50 ms, found 0 plugins.
Preloading 0 native plugins for Editor in 0.00 ms.
Invoked RoslynAnalysisRunner static constructor.
RoslynAnalysisRunner will not be running.
RoslynAnalysisRunner has terminated.
Mono: successfully reloaded assembly
- Completed reload, in  2.224 seconds
Platform modules already initialized, skipping
Refreshing native plugins compatible for Editor in 0.53 ms, found 0 plugins.
Preloading 0 native plugins for Editor in 0.00 ms.
Unloading 1283 Unused Serialized files (Serialized files now loaded: 0)
System memory in use before: 69.7 MB.
System memory in use after: 69.8 MB.

Unloading 5 unused Assets to reduce memory usage. Loaded Objects now: 1841.
Total: 3.558200 ms (FindLiveObjects: 0.521700 ms CreateObjectMapping: 0.100500 ms MarkObjects: 2.896200 ms  DeleteObjects: 0.037200 ms)

========================================================================
Received Prepare
Registering precompiled user dll's ...
Registered in 0.001481 seconds.
Begin MonoManager ReloadAssembly
Native extension for WindowsStandalone target not found
Native extension for WebGL target not found
Refreshing native plugins compatible for Editor in 0.47 ms, found 0 plugins.
Preloading 0 native plugins for Editor in 0.00 ms.
Invoked RoslynAnalysisRunner static constructor.
RoslynAnalysisRunner will not be running.
RoslynAnalysisRunner has terminated.
Mono: successfully reloaded assembly
- Completed reload, in  1.658 seconds
Platform modules already initialized, skipping
Refreshing native plugins compatible for Editor in 0.44 ms, found 0 plugins.
Preloading 0 native plugins for Editor in 0.00 ms.
Unloading 1283 Unused Serialized files (Serialized files now loaded: 0)
System memory in use before: 69.7 MB.
System memory in use after: 69.8 MB.

Unloading 5 unused Assets to reduce memory usage. Loaded Objects now: 1844.
Total: 2.991700 ms (FindLiveObjects: 0.499500 ms CreateObjectMapping: 0.150800 ms MarkObjects: 2.315300 ms  DeleteObjects: 0.024500 ms)

========================================================================
Received Import Request.
  Time since last request: 560.891768 seconds.
  path: Assets/Scripts/Player/Collisiondeath.cs
  artifactKey: Guid(3405d7cefa084c84aba78be4a90c2f6b) Importer(815301076,1909f56bfc062723c751e8b465ee728b)
Start importing Assets/Scripts/Player/Collisiondeath.cs using Guid(3405d7cefa084c84aba78be4a90c2f6b) Importer(815301076,1909f56bfc062723c751e8b465ee728b)  -> (artifact id: '8dc46668419cbc3fcc54e389d73aea46') in 0.012839 seconds
  Import took 0.017297 seconds .

========================================================================
Received Import Request.
  Time since last request: 0.003996 seconds.
  path: Assets/Scripts/Player/Collisiondeath.cs
  artifactKey: Guid(3405d7cefa084c84aba78be4a90c2f6b) Importer(815301076,1909f56bfc062723c751e8b465ee728b)
Start importing Assets/Scripts/Player/Collisiondeath.cs using Guid(3405d7cefa084c84aba78be4a90c2f6b) Importer(815301076,1909f56bfc062723c751e8b465ee728b)  -> (artifact id: '8dc46668419cbc3fcc54e389d73aea46') in 0.007940 seconds
  Import took 0.013311 seconds .

========================================================================
Received Prepare
Registering precompiled user dll's ...
Registered in 0.001619 seconds.
Begin MonoManager ReloadAssembly
Native extension for WindowsStandalone target not found
Native extension for WebGL target not found
Refreshing native plugins compatible for Editor in 0.47 ms, found 0 plugins.
Preloading 0 native plugins for Editor in 0.00 ms.
Invoked RoslynAnalysisRunner static constructor.
RoslynAnalysisRunner will not be running.
RoslynAnalysisRunner has terminated.
Mono: successfully reloaded assembly
- Completed reload, in  1.501 seconds
Platform modules already initialized, skipping
Refreshing native plugins compatible for Editor in 0.43 ms, found 0 plugins.
Preloading 0 native plugins for Editor in 0.00 ms.
Unloading 1283 Unused Serialized files (Serialized files now loaded: 0)
System memory in use before: 69.7 MB.
System memory in use after: 69.8 MB.

Unloading 5 unused Assets to reduce memory usage. Loaded Objects now: 1847.
Total: 2.898100 ms (FindLiveObjects: 0.293700 ms CreateObjectMapping: 0.098500 ms MarkObjects: 2.472400 ms  DeleteObjects: 0.032000 ms)

AssetImportWorkerClient::OnTransportError - code=2 error=End of file
