Using pre-set license
Built from '2020.2/release' branch; Version is '2020.2.1f1 (270dd8c3da1c) revision 2559448'; Using compiler version '192528614'; Build Type 'Release'
OS: 'Windows 10  (10.0.0) 64bit' Language: 'en' Physical Memory: 16284 MB
BatchMode: 1, IsHumanControllingUs: 0, StartBugReporterOnCrash: 0, Is64bit: 1, IsPro: 0

 COMMAND LINE ARGUMENTS:
C:\Users\sahil\Documents\Unity\2020.2.1f1\Editor\Unity.exe
-adb2
-batchMode
-noUpm
-name
AssetImportWorker1
-projectPath
E:/Unity/Freedom
-logFile
Logs/AssetImportWorker1.log
-srvPort
61980
Successfully changed project path to: E:/Unity/Freedom
E:/Unity/Freedom
Using Asset Import Pipeline V2.
Refreshing native plugins compatible for Editor in 29.51 ms, found 0 plugins.
Preloading 0 native plugins for Editor in 0.00 ms.
Initialize engine version: 2020.2.1f1 (270dd8c3da1c)
[Subsystems] Discovering subsystems at path C:/Users/sahil/Documents/Unity/2020.2.1f1/Editor/Data/Resources/UnitySubsystems
[Subsystems] Discovering subsystems at path E:/Unity/Freedom/Assets
GfxDevice: creating device client; threaded=0
Direct3D:
    Version:  Direct3D 11.0 [level 11.1]
    Renderer: Radeon RX 580 Series (ID=0x67df)
    Vendor:   
    VRAM:     8171 MB
    Driver:   27.20.14501.18003
Initialize mono
Mono path[0] = 'C:/Users/sahil/Documents/Unity/2020.2.1f1/Editor/Data/Managed'
Mono path[1] = 'C:/Users/sahil/Documents/Unity/2020.2.1f1/Editor/Data/MonoBleedingEdge/lib/mono/unityjit'
Mono config path = 'C:/Users/sahil/Documents/Unity/2020.2.1f1/Editor/Data/MonoBleedingEdge/etc'
Using monoOptions --debugger-agent=transport=dt_socket,embedding=1,server=y,suspend=n,address=127.0.0.1:56248
Begin MonoManager ReloadAssembly
Registering precompiled unity dll's ...
Register platform support module: C:/Users/sahil/Documents/Unity/2020.2.1f1/Editor/Data/PlaybackEngines/WebGLSupport/UnityEditor.WebGL.Extensions.dll
Register platform support module: C:/Users/sahil/Documents/Unity/2020.2.1f1/Editor/Data/PlaybackEngines/WindowsStandaloneSupport/UnityEditor.WindowsStandalone.Extensions.dll
Registered in 0.003978 seconds.
Native extension for WindowsStandalone target not found
Native extension for WebGL target not found
Refreshing native plugins compatible for Editor in 35.37 ms, found 0 plugins.
Preloading 0 native plugins for Editor in 0.00 ms.
Invoked RoslynAnalysisRunner static constructor.
RoslynAnalysisRunner will not be running.
RoslynAnalysisRunner has terminated.
Mono: successfully reloaded assembly
- Completed reload, in  4.724 seconds
Platform modules already initialized, skipping
Registering precompiled user dll's ...
Registered in 0.000735 seconds.
Begin MonoManager ReloadAssembly
Native extension for WindowsStandalone target not found
Native extension for WebGL target not found
Refreshing native plugins compatible for Editor in 0.44 ms, found 0 plugins.
Preloading 0 native plugins for Editor in 0.00 ms.
Invoked RoslynAnalysisRunner static constructor.
RoslynAnalysisRunner will not be running.
RoslynAnalysisRunner has terminated.
Mono: successfully reloaded assembly
- Completed reload, in  1.259 seconds
Platform modules already initialized, skipping
========================================================================
Worker process is ready to serve import requests
Launched and connected shader compiler UnityShaderCompiler.exe after 0.12 seconds
Refreshing native plugins compatible for Editor in 0.46 ms, found 0 plugins.
Preloading 0 native plugins for Editor in 0.00 ms.
Unloading 1136 Unused Serialized files (Serialized files now loaded: 0)
System memory in use before: 58.4 MB.
System memory in use after: 58.5 MB.

Unloading 9 unused Assets to reduce memory usage. Loaded Objects now: 1590.
Total: 2.444700 ms (FindLiveObjects: 0.236200 ms CreateObjectMapping: 0.182900 ms MarkObjects: 1.958200 ms  DeleteObjects: 0.065900 ms)

========================================================================
Received Import Request.
  path: Assets/Scripts/Player/PlayerPickUp.cs
  artifactKey: Guid(5ee9bcc2d3237c04eaf51a073c9cc4da) Importer(815301076,1909f56bfc062723c751e8b465ee728b)
Start importing Assets/Scripts/Player/PlayerPickUp.cs using Guid(5ee9bcc2d3237c04eaf51a073c9cc4da) Importer(815301076,1909f56bfc062723c751e8b465ee728b)  -> (artifact id: 'efa705aed310f9d11f83782a3a1bda7f') in 0.049998 seconds
  Import took 0.052839 seconds .

========================================================================
Received Import Request.
  Time since last request: 1056.084870 seconds.
  path: Assets/Others/ogreFBX.fbx
  artifactKey: Guid(f7230885917787a44a4c9c89bfcb1a07) Importer(815301076,1909f56bfc062723c751e8b465ee728b)
Start importing Assets/Others/ogreFBX.fbx using Guid(f7230885917787a44a4c9c89bfcb1a07) Importer(815301076,1909f56bfc062723c751e8b465ee728b)  -> (artifact id: '763eaf9fb1a5fd500df84b244da0ee39') in 0.246589 seconds
  Import took 0.250607 seconds .

========================================================================
Received Import Request.
  Time since last request: 20.350826 seconds.
  path: Assets/Textures
  artifactKey: Guid(807548528902d134c94ac971126751a3) Importer(815301076,1909f56bfc062723c751e8b465ee728b)
Start importing Assets/Textures using Guid(807548528902d134c94ac971126751a3) Importer(815301076,1909f56bfc062723c751e8b465ee728b)  -> (artifact id: 'e2c6d66364589f43620099a1f963c5dd') in 0.160358 seconds
  Import took 0.167842 seconds .

========================================================================
Received Import Request.
  Time since last request: 37.122131 seconds.
  path: Assets/Others/ogreFBX.fbx
  artifactKey: Guid(f7230885917787a44a4c9c89bfcb1a07) Importer(815301076,1909f56bfc062723c751e8b465ee728b)
Start importing Assets/Others/ogreFBX.fbx using Guid(f7230885917787a44a4c9c89bfcb1a07) Importer(815301076,1909f56bfc062723c751e8b465ee728b)  -> (artifact id: '7914e4c6ea0148d7a1e37b43315c75a4') in 0.282286 seconds
  Import took 0.287212 seconds .

========================================================================
Received Import Request.
  Time since last request: 0.009435 seconds.
  path: Assets/Others/ogreFBX.fbx
  artifactKey: Guid(f7230885917787a44a4c9c89bfcb1a07) Importer(815301076,1909f56bfc062723c751e8b465ee728b)
Start importing Assets/Others/ogreFBX.fbx using Guid(f7230885917787a44a4c9c89bfcb1a07) Importer(815301076,1909f56bfc062723c751e8b465ee728b)  -> (artifact id: '7914e4c6ea0148d7a1e37b43315c75a4') in 0.084576 seconds
  Import took 0.088230 seconds .

========================================================================
Received Prepare
Registering precompiled user dll's ...
Registered in 0.000990 seconds.
Begin MonoManager ReloadAssembly
Native extension for WindowsStandalone target not found
Native extension for WebGL target not found
Refreshing native plugins compatible for Editor in 0.39 ms, found 0 plugins.
Preloading 0 native plugins for Editor in 0.00 ms.
Invoked RoslynAnalysisRunner static constructor.
RoslynAnalysisRunner will not be running.
RoslynAnalysisRunner has terminated.
Mono: successfully reloaded assembly
- Completed reload, in  1.011 seconds
Platform modules already initialized, skipping
Refreshing native plugins compatible for Editor in 0.35 ms, found 0 plugins.
Preloading 0 native plugins for Editor in 0.00 ms.
Unloading 1128 Unused Serialized files (Serialized files now loaded: 0)
System memory in use before: 62.0 MB.
System memory in use after: 62.1 MB.

Unloading 4 unused Assets to reduce memory usage. Loaded Objects now: 1635.
Total: 2.206400 ms (FindLiveObjects: 0.251000 ms CreateObjectMapping: 0.116600 ms MarkObjects: 1.805500 ms  DeleteObjects: 0.032300 ms)

========================================================================
Received Prepare
Registering precompiled user dll's ...
Registered in 0.000996 seconds.
Begin MonoManager ReloadAssembly
Native extension for WindowsStandalone target not found
Native extension for WebGL target not found
Refreshing native plugins compatible for Editor in 0.47 ms, found 0 plugins.
Preloading 0 native plugins for Editor in 0.00 ms.
Invoked RoslynAnalysisRunner static constructor.
RoslynAnalysisRunner will not be running.
RoslynAnalysisRunner has terminated.
Mono: successfully reloaded assembly
- Completed reload, in  0.975 seconds
Platform modules already initialized, skipping
Refreshing native plugins compatible for Editor in 0.36 ms, found 0 plugins.
Preloading 0 native plugins for Editor in 0.00 ms.
Unloading 1128 Unused Serialized files (Serialized files now loaded: 0)
System memory in use before: 62.3 MB.
System memory in use after: 62.4 MB.

Unloading 4 unused Assets to reduce memory usage. Loaded Objects now: 1637.
Total: 3.054200 ms (FindLiveObjects: 0.206700 ms CreateObjectMapping: 0.083200 ms MarkObjects: 2.724600 ms  DeleteObjects: 0.038200 ms)

========================================================================
Received Import Request.
  Time since last request: 947.480106 seconds.
  path: Assets/Animations/Enemy Slash/Example Animator.controller
  artifactKey: Guid(2ab8abf1edcfce044b50dd873958d771) Importer(815301076,1909f56bfc062723c751e8b465ee728b)
Start importing Assets/Animations/Enemy Slash/Example Animator.controller using Guid(2ab8abf1edcfce044b50dd873958d771) Importer(815301076,1909f56bfc062723c751e8b465ee728b)  -> (artifact id: 'd4bd92d61269d8e9e361e082a71fecd8') in 0.029771 seconds
  Import took 0.033894 seconds .

========================================================================
Received Import Request.
  Time since last request: 26.356969 seconds.
  path: Assets/Animations/Enemy Slash/Sword And Shield Idle 1.anim
  artifactKey: Guid(97868c93756523e428b16c62c7602061) Importer(815301076,1909f56bfc062723c751e8b465ee728b)
Start importing Assets/Animations/Enemy Slash/Sword And Shield Idle 1.anim using Guid(97868c93756523e428b16c62c7602061) Importer(815301076,1909f56bfc062723c751e8b465ee728b)  -> (artifact id: '984e3851cf3e50413006e718d4e074a1') in 0.377109 seconds
  Import took 0.383481 seconds .

========================================================================
Received Import Request.
  Time since last request: 0.570556 seconds.
  path: Assets/Animations/Enemy Slash/Mutant Walking.anim
  artifactKey: Guid(f506d8d1e859def4db128408bec573aa) Importer(815301076,1909f56bfc062723c751e8b465ee728b)
Start importing Assets/Animations/Enemy Slash/Mutant Walking.anim using Guid(f506d8d1e859def4db128408bec573aa) Importer(815301076,1909f56bfc062723c751e8b465ee728b)  -> (artifact id: 'e99767a5f7d12095f63c48b1056a19a4') in 0.054991 seconds
  Import took 0.059610 seconds .

========================================================================
Received Prepare
Registering precompiled user dll's ...
Registered in 0.000958 seconds.
Begin MonoManager ReloadAssembly
Native extension for WindowsStandalone target not found
Native extension for WebGL target not found
Refreshing native plugins compatible for Editor in 0.39 ms, found 0 plugins.
Preloading 0 native plugins for Editor in 0.00 ms.
Invoked RoslynAnalysisRunner static constructor.
RoslynAnalysisRunner will not be running.
RoslynAnalysisRunner has terminated.
Mono: successfully reloaded assembly
- Completed reload, in  0.955 seconds
Platform modules already initialized, skipping
Refreshing native plugins compatible for Editor in 0.36 ms, found 0 plugins.
Preloading 0 native plugins for Editor in 0.00 ms.
Unloading 1128 Unused Serialized files (Serialized files now loaded: 0)
System memory in use before: 62.8 MB.
System memory in use after: 62.9 MB.

Unloading 4 unused Assets to reduce memory usage. Loaded Objects now: 1639.
Total: 1.846700 ms (FindLiveObjects: 0.160900 ms CreateObjectMapping: 0.047200 ms MarkObjects: 1.583000 ms  DeleteObjects: 0.054400 ms)

========================================================================
Received Import Request.
  Time since last request: 448.461997 seconds.
  path: Assets/Textures/SkinColorMostro_COLOR.png
  artifactKey: Guid(2fb188d4ddfc2634f88010197f50498c) Importer(815301076,1909f56bfc062723c751e8b465ee728b)
Start importing Assets/Textures/SkinColorMostro_COLOR.png using Guid(2fb188d4ddfc2634f88010197f50498c) Importer(815301076,1909f56bfc062723c751e8b465ee728b)  -> (artifact id: 'f8c4566d3fbe1d92c28ef6b8828d9e6c') in 0.159335 seconds
  Import took 0.163284 seconds .

========================================================================
Received Import Request.
  Time since last request: 0.511737 seconds.
  path: Assets/Textures/SkinColorMostro_SPEC.png
  artifactKey: Guid(88f6ae55038d5d7469686aaef9ec125f) Importer(815301076,1909f56bfc062723c751e8b465ee728b)
Start importing Assets/Textures/SkinColorMostro_SPEC.png using Guid(88f6ae55038d5d7469686aaef9ec125f) Importer(815301076,1909f56bfc062723c751e8b465ee728b)  -> (artifact id: '0a6f53b55e4b0a78d29fa32c5116d4a9') in 0.047654 seconds
  Import took 0.050191 seconds .

AssetImportWorkerClient::OnTransportError - code=2 error=End of file
